The target system is: Android - 1 - aarch64
The host system is: Darwin - 23.2.0 - x86_64
Determining if the C compiler works passed with the following output:
Change Dir: /Users/wuyadong/Documents/WorkSpace/ZLMediaKit/Android/app/.cxx/cmake/debug/arm64-v8a/CMakeFiles/CMakeTmp

Run Build Command:"/Users/wuyadong/Library/Android/sdk/cmake/3.10.2.4988404/bin/ninja" "cmTC_06739"
[1/2] Building C object CMakeFiles/cmTC_06739.dir/testCCompiler.c.o
[2/2] Linking C executable cmTC_06739


Detecting C compiler ABI info compiled with the following output:
Change Dir: /Users/wuyadong/Documents/WorkSpace/ZLMediaKit/Android/app/.cxx/cmake/debug/arm64-v8a/CMakeFiles/CMakeTmp

Run Build Command:"/Users/wuyadong/Library/Android/sdk/cmake/3.10.2.4988404/bin/ninja" "cmTC_6aec0"
[1/2] Building C object CMakeFiles/cmTC_6aec0.dir/CMakeCCompilerABI.c.o
[2/2] Linking C executable cmTC_6aec0
Android (8481493, based on r416183c2) clang version 12.0.9 (https://android.googlesource.com/toolchain/llvm-project c935d99d7cf2016289302412d708641d52d2f7ee)
Target: aarch64-none-linux-android21
Thread model: posix
InstalledDir: /Users/wuyadong/Library/Android/sdk/ndk/23.2.8568313/toolchains/llvm/prebuilt/darwin-x86_64/bin
Found candidate GCC installation: /Users/wuyadong/Library/Android/sdk/ndk/23.2.8568313/toolchains/llvm/prebuilt/darwin-x86_64/lib/gcc/aarch64-linux-android/4.9.x
Selected GCC installation: /Users/wuyadong/Library/Android/sdk/ndk/23.2.8568313/toolchains/llvm/prebuilt/darwin-x86_64/lib/gcc/aarch64-linux-android/4.9.x
Candidate multilib: .;@m64
Selected multilib: .;@m64
 "/Users/wuyadong/Library/Android/sdk/ndk/23.2.8568313/toolchains/llvm/prebuilt/darwin-x86_64/bin/ld" --sysroot=/Users/wuyadong/Library/Android/sdk/ndk/23.2.8568313/toolchains/llvm/prebuilt/darwin-x86_64/sysroot -pie -z noexecstack -EL --fix-cortex-a53-843419 --warn-shared-textrel -z now -z relro -z max-page-size=4096 --hash-style=both --enable-new-dtags --eh-frame-hdr -m aarch64linux -dynamic-linker /system/bin/linker64 -o cmTC_6aec0 /Users/wuyadong/Library/Android/sdk/ndk/23.2.8568313/toolchains/llvm/prebuilt/darwin-x86_64/sysroot/usr/lib/aarch64-linux-android/21/crtbegin_dynamic.o -L/Users/wuyadong/Library/Android/sdk/ndk/23.2.8568313/toolchains/llvm/prebuilt/darwin-x86_64/lib64/clang/12.0.9/lib/linux/aarch64 -L/Users/wuyadong/Library/Android/sdk/ndk/23.2.8568313/toolchains/llvm/prebuilt/darwin-x86_64/lib/gcc/aarch64-linux-android/4.9.x -L/Users/wuyadong/Library/Android/sdk/ndk/23.2.8568313/toolchains/llvm/prebuilt/darwin-x86_64/sysroot/usr/lib/aarch64-linux-android/21 -L/Users/wuyadong/Library/Android/sdk/ndk/23.2.8568313/toolchains/llvm/prebuilt/darwin-x86_64/sysroot/usr/lib/aarch64-linux-android -L/Users/wuyadong/Library/Android/sdk/ndk/23.2.8568313/toolchains/llvm/prebuilt/darwin-x86_64/sysroot/usr/lib --build-id=sha1 --no-rosegment --fatal-warnings --no-undefined --gc-sections CMakeFiles/cmTC_6aec0.dir/CMakeCCompilerABI.c.o /Users/wuyadong/Library/Android/sdk/ndk/23.2.8568313/toolchains/llvm/prebuilt/darwin-x86_64/lib64/clang/12.0.9/lib/linux/libclang_rt.builtins-aarch64-android.a -l:libunwind.a -ldl -lc /Users/wuyadong/Library/Android/sdk/ndk/23.2.8568313/toolchains/llvm/prebuilt/darwin-x86_64/lib64/clang/12.0.9/lib/linux/libclang_rt.builtins-aarch64-android.a -l:libunwind.a -ldl /Users/wuyadong/Library/Android/sdk/ndk/23.2.8568313/toolchains/llvm/prebuilt/darwin-x86_64/sysroot/usr/lib/aarch64-linux-android/21/crtend_android.o


Parsed C implicit link information from above output:
  link line regex: [^( *|.*[/\])(CMAKE_LINKER-NOTFOUND|CMAKE_LINK_STARTFILE-NOTFOUND|([^/\]+-)?ld|collect2)[^/\]*( |$)]
  ignore line: [Change Dir: /Users/wuyadong/Documents/WorkSpace/ZLMediaKit/Android/app/.cxx/cmake/debug/arm64-v8a/CMakeFiles/CMakeTmp]
  ignore line: []
  ignore line: [Run Build Command:"/Users/wuyadong/Library/Android/sdk/cmake/3.10.2.4988404/bin/ninja" "cmTC_6aec0"]
  ignore line: [[1/2] Building C object CMakeFiles/cmTC_6aec0.dir/CMakeCCompilerABI.c.o]
  ignore line: [[2/2] Linking C executable cmTC_6aec0]
  ignore line: [Android (8481493, based on r416183c2) clang version 12.0.9 (https://android.googlesource.com/toolchain/llvm-project c935d99d7cf2016289302412d708641d52d2f7ee)]
  ignore line: [Target: aarch64-none-linux-android21]
  ignore line: [Thread model: posix]
  ignore line: [InstalledDir: /Users/wuyadong/Library/Android/sdk/ndk/23.2.8568313/toolchains/llvm/prebuilt/darwin-x86_64/bin]
  ignore line: [Found candidate GCC installation: /Users/wuyadong/Library/Android/sdk/ndk/23.2.8568313/toolchains/llvm/prebuilt/darwin-x86_64/lib/gcc/aarch64-linux-android/4.9.x]
  ignore line: [Selected GCC installation: /Users/wuyadong/Library/Android/sdk/ndk/23.2.8568313/toolchains/llvm/prebuilt/darwin-x86_64/lib/gcc/aarch64-linux-android/4.9.x]
  ignore line: [Candidate multilib: .]
  ignore line: [@m64]
  ignore line: [Selected multilib: .]
  ignore line: [@m64]
  link line: [ "/Users/wuyadong/Library/Android/sdk/ndk/23.2.8568313/toolchains/llvm/prebuilt/darwin-x86_64/bin/ld" --sysroot=/Users/wuyadong/Library/Android/sdk/ndk/23.2.8568313/toolchains/llvm/prebuilt/darwin-x86_64/sysroot -pie -z noexecstack -EL --fix-cortex-a53-843419 --warn-shared-textrel -z now -z relro -z max-page-size=4096 --hash-style=both --enable-new-dtags --eh-frame-hdr -m aarch64linux -dynamic-linker /system/bin/linker64 -o cmTC_6aec0 /Users/wuyadong/Library/Android/sdk/ndk/23.2.8568313/toolchains/llvm/prebuilt/darwin-x86_64/sysroot/usr/lib/aarch64-linux-android/21/crtbegin_dynamic.o -L/Users/wuyadong/Library/Android/sdk/ndk/23.2.8568313/toolchains/llvm/prebuilt/darwin-x86_64/lib64/clang/12.0.9/lib/linux/aarch64 -L/Users/wuyadong/Library/Android/sdk/ndk/23.2.8568313/toolchains/llvm/prebuilt/darwin-x86_64/lib/gcc/aarch64-linux-android/4.9.x -L/Users/wuyadong/Library/Android/sdk/ndk/23.2.8568313/toolchains/llvm/prebuilt/darwin-x86_64/sysroot/usr/lib/aarch64-linux-android/21 -L/Users/wuyadong/Library/Android/sdk/ndk/23.2.8568313/toolchains/llvm/prebuilt/darwin-x86_64/sysroot/usr/lib/aarch64-linux-android -L/Users/wuyadong/Library/Android/sdk/ndk/23.2.8568313/toolchains/llvm/prebuilt/darwin-x86_64/sysroot/usr/lib --build-id=sha1 --no-rosegment --fatal-warnings --no-undefined --gc-sections CMakeFiles/cmTC_6aec0.dir/CMakeCCompilerABI.c.o /Users/wuyadong/Library/Android/sdk/ndk/23.2.8568313/toolchains/llvm/prebuilt/darwin-x86_64/lib64/clang/12.0.9/lib/linux/libclang_rt.builtins-aarch64-android.a -l:libunwind.a -ldl -lc /Users/wuyadong/Library/Android/sdk/ndk/23.2.8568313/toolchains/llvm/prebuilt/darwin-x86_64/lib64/clang/12.0.9/lib/linux/libclang_rt.builtins-aarch64-android.a -l:libunwind.a -ldl /Users/wuyadong/Library/Android/sdk/ndk/23.2.8568313/toolchains/llvm/prebuilt/darwin-x86_64/sysroot/usr/lib/aarch64-linux-android/21/crtend_android.o]
    arg [/Users/wuyadong/Library/Android/sdk/ndk/23.2.8568313/toolchains/llvm/prebuilt/darwin-x86_64/bin/ld] ==> ignore
    arg [--sysroot=/Users/wuyadong/Library/Android/sdk/ndk/23.2.8568313/toolchains/llvm/prebuilt/darwin-x86_64/sysroot] ==> ignore
    arg [-pie] ==> ignore
    arg [-znoexecstack] ==> ignore
    arg [-EL] ==> ignore
    arg [--fix-cortex-a53-843419] ==> ignore
    arg [--warn-shared-textrel] ==> ignore
    arg [-znow] ==> ignore
    arg [-zrelro] ==> ignore
    arg [-zmax-page-size=4096] ==> ignore
    arg [--hash-style=both] ==> ignore
    arg [--enable-new-dtags] ==> ignore
    arg [--eh-frame-hdr] ==> ignore
    arg [-m] ==> ignore
    arg [aarch64linux] ==> ignore
    arg [-dynamic-linker] ==> ignore
    arg [/system/bin/linker64] ==> ignore
    arg [-o] ==> ignore
    arg [cmTC_6aec0] ==> ignore
    arg [/Users/wuyadong/Library/Android/sdk/ndk/23.2.8568313/toolchains/llvm/prebuilt/darwin-x86_64/sysroot/usr/lib/aarch64-linux-android/21/crtbegin_dynamic.o] ==> ignore
    arg [-L/Users/wuyadong/Library/Android/sdk/ndk/23.2.8568313/toolchains/llvm/prebuilt/darwin-x86_64/lib64/clang/12.0.9/lib/linux/aarch64] ==> dir [/Users/wuyadong/Library/Android/sdk/ndk/23.2.8568313/toolchains/llvm/prebuilt/darwin-x86_64/lib64/clang/12.0.9/lib/linux/aarch64]
    arg [-L/Users/wuyadong/Library/Android/sdk/ndk/23.2.8568313/toolchains/llvm/prebuilt/darwin-x86_64/lib/gcc/aarch64-linux-android/4.9.x] ==> dir [/Users/wuyadong/Library/Android/sdk/ndk/23.2.8568313/toolchains/llvm/prebuilt/darwin-x86_64/lib/gcc/aarch64-linux-android/4.9.x]
    arg [-L/Users/wuyadong/Library/Android/sdk/ndk/23.2.8568313/toolchains/llvm/prebuilt/darwin-x86_64/sysroot/usr/lib/aarch64-linux-android/21] ==> dir [/Users/wuyadong/Library/Android/sdk/ndk/23.2.8568313/toolchains/llvm/prebuilt/darwin-x86_64/sysroot/usr/lib/aarch64-linux-android/21]
    arg [-L/Users/wuyadong/Library/Android/sdk/ndk/23.2.8568313/toolchains/llvm/prebuilt/darwin-x86_64/sysroot/usr/lib/aarch64-linux-android] ==> dir [/Users/wuyadong/Library/Android/sdk/ndk/23.2.8568313/toolchains/llvm/prebuilt/darwin-x86_64/sysroot/usr/lib/aarch64-linux-android]
    arg [-L/Users/wuyadong/Library/Android/sdk/ndk/23.2.8568313/toolchains/llvm/prebuilt/darwin-x86_64/sysroot/usr/lib] ==> dir [/Users/wuyadong/Library/Android/sdk/ndk/23.2.8568313/toolchains/llvm/prebuilt/darwin-x86_64/sysroot/usr/lib]
    arg [--build-id=sha1] ==> ignore
    arg [--no-rosegment] ==> ignore
    arg [--fatal-warnings] ==> ignore
    arg [--no-undefined] ==> ignore
    arg [--gc-sections] ==> ignore
    arg [CMakeFiles/cmTC_6aec0.dir/CMakeCCompilerABI.c.o] ==> ignore
    arg [/Users/wuyadong/Library/Android/sdk/ndk/23.2.8568313/toolchains/llvm/prebuilt/darwin-x86_64/lib64/clang/12.0.9/lib/linux/libclang_rt.builtins-aarch64-android.a] ==> lib [/Users/wuyadong/Library/Android/sdk/ndk/23.2.8568313/toolchains/llvm/prebuilt/darwin-x86_64/lib64/clang/12.0.9/lib/linux/libclang_rt.builtins-aarch64-android.a]
    arg [-l:libunwind.a] ==> lib [-l:libunwind.a]
    arg [-ldl] ==> lib [dl]
    arg [-lc] ==> lib [c]
    arg [/Users/wuyadong/Library/Android/sdk/ndk/23.2.8568313/toolchains/llvm/prebuilt/darwin-x86_64/lib64/clang/12.0.9/lib/linux/libclang_rt.builtins-aarch64-android.a] ==> lib [/Users/wuyadong/Library/Android/sdk/ndk/23.2.8568313/toolchains/llvm/prebuilt/darwin-x86_64/lib64/clang/12.0.9/lib/linux/libclang_rt.builtins-aarch64-android.a]
    arg [-l:libunwind.a] ==> lib [-l:libunwind.a]
    arg [-ldl] ==> lib [dl]
    arg [/Users/wuyadong/Library/Android/sdk/ndk/23.2.8568313/toolchains/llvm/prebuilt/darwin-x86_64/sysroot/usr/lib/aarch64-linux-android/21/crtend_android.o] ==> ignore
  remove lib [/Users/wuyadong/Library/Android/sdk/ndk/23.2.8568313/toolchains/llvm/prebuilt/darwin-x86_64/lib64/clang/12.0.9/lib/linux/libclang_rt.builtins-aarch64-android.a]
  remove lib [/Users/wuyadong/Library/Android/sdk/ndk/23.2.8568313/toolchains/llvm/prebuilt/darwin-x86_64/lib64/clang/12.0.9/lib/linux/libclang_rt.builtins-aarch64-android.a]
  collapse library dir [/Users/wuyadong/Library/Android/sdk/ndk/23.2.8568313/toolchains/llvm/prebuilt/darwin-x86_64/lib64/clang/12.0.9/lib/linux/aarch64] ==> [/Users/wuyadong/Library/Android/sdk/ndk/23.2.8568313/toolchains/llvm/prebuilt/darwin-x86_64/lib64/clang/12.0.9/lib/linux/aarch64]
  collapse library dir [/Users/wuyadong/Library/Android/sdk/ndk/23.2.8568313/toolchains/llvm/prebuilt/darwin-x86_64/lib/gcc/aarch64-linux-android/4.9.x] ==> [/Users/wuyadong/Library/Android/sdk/ndk/23.2.8568313/toolchains/llvm/prebuilt/darwin-x86_64/lib/gcc/aarch64-linux-android/4.9.x]
  collapse library dir [/Users/wuyadong/Library/Android/sdk/ndk/23.2.8568313/toolchains/llvm/prebuilt/darwin-x86_64/sysroot/usr/lib/aarch64-linux-android/21] ==> [/Users/wuyadong/Library/Android/sdk/ndk/23.2.8568313/toolchains/llvm/prebuilt/darwin-x86_64/sysroot/usr/lib/aarch64-linux-android/21]
  collapse library dir [/Users/wuyadong/Library/Android/sdk/ndk/23.2.8568313/toolchains/llvm/prebuilt/darwin-x86_64/sysroot/usr/lib/aarch64-linux-android] ==> [/Users/wuyadong/Library/Android/sdk/ndk/23.2.8568313/toolchains/llvm/prebuilt/darwin-x86_64/sysroot/usr/lib/aarch64-linux-android]
  collapse library dir [/Users/wuyadong/Library/Android/sdk/ndk/23.2.8568313/toolchains/llvm/prebuilt/darwin-x86_64/sysroot/usr/lib] ==> [/Users/wuyadong/Library/Android/sdk/ndk/23.2.8568313/toolchains/llvm/prebuilt/darwin-x86_64/sysroot/usr/lib]
  implicit libs: [-l:libunwind.a;dl;c;-l:libunwind.a;dl]
  implicit dirs: [/Users/wuyadong/Library/Android/sdk/ndk/23.2.8568313/toolchains/llvm/prebuilt/darwin-x86_64/lib64/clang/12.0.9/lib/linux/aarch64;/Users/wuyadong/Library/Android/sdk/ndk/23.2.8568313/toolchains/llvm/prebuilt/darwin-x86_64/lib/gcc/aarch64-linux-android/4.9.x;/Users/wuyadong/Library/Android/sdk/ndk/23.2.8568313/toolchains/llvm/prebuilt/darwin-x86_64/sysroot/usr/lib/aarch64-linux-android/21;/Users/wuyadong/Library/Android/sdk/ndk/23.2.8568313/toolchains/llvm/prebuilt/darwin-x86_64/sysroot/usr/lib/aarch64-linux-android;/Users/wuyadong/Library/Android/sdk/ndk/23.2.8568313/toolchains/llvm/prebuilt/darwin-x86_64/sysroot/usr/lib]
  implicit fwks: []




Detecting C [-std=c11] compiler features compiled with the following output:
Change Dir: /Users/wuyadong/Documents/WorkSpace/ZLMediaKit/Android/app/.cxx/cmake/debug/arm64-v8a/CMakeFiles/CMakeTmp

Run Build Command:"/Users/wuyadong/Library/Android/sdk/cmake/3.10.2.4988404/bin/ninja" "cmTC_f3391"
[1/2] Building C object CMakeFiles/cmTC_f3391.dir/feature_tests.c.o
[2/2] Linking C executable cmTC_f3391


    Feature record: C_FEATURE:1c_function_prototypes
    Feature record: C_FEATURE:1c_restrict
    Feature record: C_FEATURE:1c_static_assert
    Feature record: C_FEATURE:1c_variadic_macros


Detecting C [-std=c99] compiler features compiled with the following output:
Change Dir: /Users/wuyadong/Documents/WorkSpace/ZLMediaKit/Android/app/.cxx/cmake/debug/arm64-v8a/CMakeFiles/CMakeTmp

Run Build Command:"/Users/wuyadong/Library/Android/sdk/cmake/3.10.2.4988404/bin/ninja" "cmTC_8a506"
[1/2] Building C object CMakeFiles/cmTC_8a506.dir/feature_tests.c.o
[2/2] Linking C executable cmTC_8a506


    Feature record: C_FEATURE:1c_function_prototypes
    Feature record: C_FEATURE:1c_restrict
    Feature record: C_FEATURE:0c_static_assert
    Feature record: C_FEATURE:1c_variadic_macros


Detecting C [-std=c90] compiler features compiled with the following output:
Change Dir: /Users/wuyadong/Documents/WorkSpace/ZLMediaKit/Android/app/.cxx/cmake/debug/arm64-v8a/CMakeFiles/CMakeTmp

Run Build Command:"/Users/wuyadong/Library/Android/sdk/cmake/3.10.2.4988404/bin/ninja" "cmTC_f2d00"
[1/2] Building C object CMakeFiles/cmTC_f2d00.dir/feature_tests.c.o
[2/2] Linking C executable cmTC_f2d00


    Feature record: C_FEATURE:1c_function_prototypes
    Feature record: C_FEATURE:0c_restrict
    Feature record: C_FEATURE:0c_static_assert
    Feature record: C_FEATURE:0c_variadic_macros
Determining if the CXX compiler works passed with the following output:
Change Dir: /Users/wuyadong/Documents/WorkSpace/ZLMediaKit/Android/app/.cxx/cmake/debug/arm64-v8a/CMakeFiles/CMakeTmp

Run Build Command:"/Users/wuyadong/Library/Android/sdk/cmake/3.10.2.4988404/bin/ninja" "cmTC_94d9b"
[1/2] Building CXX object CMakeFiles/cmTC_94d9b.dir/testCXXCompiler.cxx.o
[2/2] Linking CXX executable cmTC_94d9b


Detecting CXX compiler ABI info compiled with the following output:
Change Dir: /Users/wuyadong/Documents/WorkSpace/ZLMediaKit/Android/app/.cxx/cmake/debug/arm64-v8a/CMakeFiles/CMakeTmp

Run Build Command:"/Users/wuyadong/Library/Android/sdk/cmake/3.10.2.4988404/bin/ninja" "cmTC_eec6f"
[1/2] Building CXX object CMakeFiles/cmTC_eec6f.dir/CMakeCXXCompilerABI.cpp.o
[2/2] Linking CXX executable cmTC_eec6f
Android (8481493, based on r416183c2) clang version 12.0.9 (https://android.googlesource.com/toolchain/llvm-project c935d99d7cf2016289302412d708641d52d2f7ee)
Target: aarch64-none-linux-android21
Thread model: posix
InstalledDir: /Users/wuyadong/Library/Android/sdk/ndk/23.2.8568313/toolchains/llvm/prebuilt/darwin-x86_64/bin
Found candidate GCC installation: /Users/wuyadong/Library/Android/sdk/ndk/23.2.8568313/toolchains/llvm/prebuilt/darwin-x86_64/lib/gcc/aarch64-linux-android/4.9.x
Selected GCC installation: /Users/wuyadong/Library/Android/sdk/ndk/23.2.8568313/toolchains/llvm/prebuilt/darwin-x86_64/lib/gcc/aarch64-linux-android/4.9.x
Candidate multilib: .;@m64
Selected multilib: .;@m64
 "/Users/wuyadong/Library/Android/sdk/ndk/23.2.8568313/toolchains/llvm/prebuilt/darwin-x86_64/bin/ld" --sysroot=/Users/wuyadong/Library/Android/sdk/ndk/23.2.8568313/toolchains/llvm/prebuilt/darwin-x86_64/sysroot -pie -z noexecstack -EL --fix-cortex-a53-843419 --warn-shared-textrel -z now -z relro -z max-page-size=4096 --hash-style=both --enable-new-dtags --eh-frame-hdr -m aarch64linux -dynamic-linker /system/bin/linker64 -o cmTC_eec6f /Users/wuyadong/Library/Android/sdk/ndk/23.2.8568313/toolchains/llvm/prebuilt/darwin-x86_64/sysroot/usr/lib/aarch64-linux-android/21/crtbegin_dynamic.o -L/Users/wuyadong/Library/Android/sdk/ndk/23.2.8568313/toolchains/llvm/prebuilt/darwin-x86_64/lib64/clang/12.0.9/lib/linux/aarch64 -L/Users/wuyadong/Library/Android/sdk/ndk/23.2.8568313/toolchains/llvm/prebuilt/darwin-x86_64/lib/gcc/aarch64-linux-android/4.9.x -L/Users/wuyadong/Library/Android/sdk/ndk/23.2.8568313/toolchains/llvm/prebuilt/darwin-x86_64/sysroot/usr/lib/aarch64-linux-android/21 -L/Users/wuyadong/Library/Android/sdk/ndk/23.2.8568313/toolchains/llvm/prebuilt/darwin-x86_64/sysroot/usr/lib/aarch64-linux-android -L/Users/wuyadong/Library/Android/sdk/ndk/23.2.8568313/toolchains/llvm/prebuilt/darwin-x86_64/sysroot/usr/lib --build-id=sha1 --no-rosegment --fatal-warnings --no-undefined --gc-sections CMakeFiles/cmTC_eec6f.dir/CMakeCXXCompilerABI.cpp.o -Bstatic -lc++ -Bdynamic -lm /Users/wuyadong/Library/Android/sdk/ndk/23.2.8568313/toolchains/llvm/prebuilt/darwin-x86_64/lib64/clang/12.0.9/lib/linux/libclang_rt.builtins-aarch64-android.a -l:libunwind.a -ldl -lc /Users/wuyadong/Library/Android/sdk/ndk/23.2.8568313/toolchains/llvm/prebuilt/darwin-x86_64/lib64/clang/12.0.9/lib/linux/libclang_rt.builtins-aarch64-android.a -l:libunwind.a -ldl /Users/wuyadong/Library/Android/sdk/ndk/23.2.8568313/toolchains/llvm/prebuilt/darwin-x86_64/sysroot/usr/lib/aarch64-linux-android/21/crtend_android.o


Parsed CXX implicit link information from above output:
  link line regex: [^( *|.*[/\])(CMAKE_LINKER-NOTFOUND|CMAKE_LINK_STARTFILE-NOTFOUND|([^/\]+-)?ld|collect2)[^/\]*( |$)]
  ignore line: [Change Dir: /Users/wuyadong/Documents/WorkSpace/ZLMediaKit/Android/app/.cxx/cmake/debug/arm64-v8a/CMakeFiles/CMakeTmp]
  ignore line: []
  ignore line: [Run Build Command:"/Users/wuyadong/Library/Android/sdk/cmake/3.10.2.4988404/bin/ninja" "cmTC_eec6f"]
  ignore line: [[1/2] Building CXX object CMakeFiles/cmTC_eec6f.dir/CMakeCXXCompilerABI.cpp.o]
  ignore line: [[2/2] Linking CXX executable cmTC_eec6f]
  ignore line: [Android (8481493, based on r416183c2) clang version 12.0.9 (https://android.googlesource.com/toolchain/llvm-project c935d99d7cf2016289302412d708641d52d2f7ee)]
  ignore line: [Target: aarch64-none-linux-android21]
  ignore line: [Thread model: posix]
  ignore line: [InstalledDir: /Users/wuyadong/Library/Android/sdk/ndk/23.2.8568313/toolchains/llvm/prebuilt/darwin-x86_64/bin]
  ignore line: [Found candidate GCC installation: /Users/wuyadong/Library/Android/sdk/ndk/23.2.8568313/toolchains/llvm/prebuilt/darwin-x86_64/lib/gcc/aarch64-linux-android/4.9.x]
  ignore line: [Selected GCC installation: /Users/wuyadong/Library/Android/sdk/ndk/23.2.8568313/toolchains/llvm/prebuilt/darwin-x86_64/lib/gcc/aarch64-linux-android/4.9.x]
  ignore line: [Candidate multilib: .]
  ignore line: [@m64]
  ignore line: [Selected multilib: .]
  ignore line: [@m64]
  link line: [ "/Users/wuyadong/Library/Android/sdk/ndk/23.2.8568313/toolchains/llvm/prebuilt/darwin-x86_64/bin/ld" --sysroot=/Users/wuyadong/Library/Android/sdk/ndk/23.2.8568313/toolchains/llvm/prebuilt/darwin-x86_64/sysroot -pie -z noexecstack -EL --fix-cortex-a53-843419 --warn-shared-textrel -z now -z relro -z max-page-size=4096 --hash-style=both --enable-new-dtags --eh-frame-hdr -m aarch64linux -dynamic-linker /system/bin/linker64 -o cmTC_eec6f /Users/wuyadong/Library/Android/sdk/ndk/23.2.8568313/toolchains/llvm/prebuilt/darwin-x86_64/sysroot/usr/lib/aarch64-linux-android/21/crtbegin_dynamic.o -L/Users/wuyadong/Library/Android/sdk/ndk/23.2.8568313/toolchains/llvm/prebuilt/darwin-x86_64/lib64/clang/12.0.9/lib/linux/aarch64 -L/Users/wuyadong/Library/Android/sdk/ndk/23.2.8568313/toolchains/llvm/prebuilt/darwin-x86_64/lib/gcc/aarch64-linux-android/4.9.x -L/Users/wuyadong/Library/Android/sdk/ndk/23.2.8568313/toolchains/llvm/prebuilt/darwin-x86_64/sysroot/usr/lib/aarch64-linux-android/21 -L/Users/wuyadong/Library/Android/sdk/ndk/23.2.8568313/toolchains/llvm/prebuilt/darwin-x86_64/sysroot/usr/lib/aarch64-linux-android -L/Users/wuyadong/Library/Android/sdk/ndk/23.2.8568313/toolchains/llvm/prebuilt/darwin-x86_64/sysroot/usr/lib --build-id=sha1 --no-rosegment --fatal-warnings --no-undefined --gc-sections CMakeFiles/cmTC_eec6f.dir/CMakeCXXCompilerABI.cpp.o -Bstatic -lc++ -Bdynamic -lm /Users/wuyadong/Library/Android/sdk/ndk/23.2.8568313/toolchains/llvm/prebuilt/darwin-x86_64/lib64/clang/12.0.9/lib/linux/libclang_rt.builtins-aarch64-android.a -l:libunwind.a -ldl -lc /Users/wuyadong/Library/Android/sdk/ndk/23.2.8568313/toolchains/llvm/prebuilt/darwin-x86_64/lib64/clang/12.0.9/lib/linux/libclang_rt.builtins-aarch64-android.a -l:libunwind.a -ldl /Users/wuyadong/Library/Android/sdk/ndk/23.2.8568313/toolchains/llvm/prebuilt/darwin-x86_64/sysroot/usr/lib/aarch64-linux-android/21/crtend_android.o]
    arg [/Users/wuyadong/Library/Android/sdk/ndk/23.2.8568313/toolchains/llvm/prebuilt/darwin-x86_64/bin/ld] ==> ignore
    arg [--sysroot=/Users/wuyadong/Library/Android/sdk/ndk/23.2.8568313/toolchains/llvm/prebuilt/darwin-x86_64/sysroot] ==> ignore
    arg [-pie] ==> ignore
    arg [-znoexecstack] ==> ignore
    arg [-EL] ==> ignore
    arg [--fix-cortex-a53-843419] ==> ignore
    arg [--warn-shared-textrel] ==> ignore
    arg [-znow] ==> ignore
    arg [-zrelro] ==> ignore
    arg [-zmax-page-size=4096] ==> ignore
    arg [--hash-style=both] ==> ignore
    arg [--enable-new-dtags] ==> ignore
    arg [--eh-frame-hdr] ==> ignore
    arg [-m] ==> ignore
    arg [aarch64linux] ==> ignore
    arg [-dynamic-linker] ==> ignore
    arg [/system/bin/linker64] ==> ignore
    arg [-o] ==> ignore
    arg [cmTC_eec6f] ==> ignore
    arg [/Users/wuyadong/Library/Android/sdk/ndk/23.2.8568313/toolchains/llvm/prebuilt/darwin-x86_64/sysroot/usr/lib/aarch64-linux-android/21/crtbegin_dynamic.o] ==> ignore
    arg [-L/Users/wuyadong/Library/Android/sdk/ndk/23.2.8568313/toolchains/llvm/prebuilt/darwin-x86_64/lib64/clang/12.0.9/lib/linux/aarch64] ==> dir [/Users/wuyadong/Library/Android/sdk/ndk/23.2.8568313/toolchains/llvm/prebuilt/darwin-x86_64/lib64/clang/12.0.9/lib/linux/aarch64]
    arg [-L/Users/wuyadong/Library/Android/sdk/ndk/23.2.8568313/toolchains/llvm/prebuilt/darwin-x86_64/lib/gcc/aarch64-linux-android/4.9.x] ==> dir [/Users/wuyadong/Library/Android/sdk/ndk/23.2.8568313/toolchains/llvm/prebuilt/darwin-x86_64/lib/gcc/aarch64-linux-android/4.9.x]
    arg [-L/Users/wuyadong/Library/Android/sdk/ndk/23.2.8568313/toolchains/llvm/prebuilt/darwin-x86_64/sysroot/usr/lib/aarch64-linux-android/21] ==> dir [/Users/wuyadong/Library/Android/sdk/ndk/23.2.8568313/toolchains/llvm/prebuilt/darwin-x86_64/sysroot/usr/lib/aarch64-linux-android/21]
    arg [-L/Users/wuyadong/Library/Android/sdk/ndk/23.2.8568313/toolchains/llvm/prebuilt/darwin-x86_64/sysroot/usr/lib/aarch64-linux-android] ==> dir [/Users/wuyadong/Library/Android/sdk/ndk/23.2.8568313/toolchains/llvm/prebuilt/darwin-x86_64/sysroot/usr/lib/aarch64-linux-android]
    arg [-L/Users/wuyadong/Library/Android/sdk/ndk/23.2.8568313/toolchains/llvm/prebuilt/darwin-x86_64/sysroot/usr/lib] ==> dir [/Users/wuyadong/Library/Android/sdk/ndk/23.2.8568313/toolchains/llvm/prebuilt/darwin-x86_64/sysroot/usr/lib]
    arg [--build-id=sha1] ==> ignore
    arg [--no-rosegment] ==> ignore
    arg [--fatal-warnings] ==> ignore
    arg [--no-undefined] ==> ignore
    arg [--gc-sections] ==> ignore
    arg [CMakeFiles/cmTC_eec6f.dir/CMakeCXXCompilerABI.cpp.o] ==> ignore
    arg [-Bstatic] ==> ignore
    arg [-lc++] ==> lib [c++]
    arg [-Bdynamic] ==> ignore
    arg [-lm] ==> lib [m]
    arg [/Users/wuyadong/Library/Android/sdk/ndk/23.2.8568313/toolchains/llvm/prebuilt/darwin-x86_64/lib64/clang/12.0.9/lib/linux/libclang_rt.builtins-aarch64-android.a] ==> lib [/Users/wuyadong/Library/Android/sdk/ndk/23.2.8568313/toolchains/llvm/prebuilt/darwin-x86_64/lib64/clang/12.0.9/lib/linux/libclang_rt.builtins-aarch64-android.a]
    arg [-l:libunwind.a] ==> lib [-l:libunwind.a]
    arg [-ldl] ==> lib [dl]
    arg [-lc] ==> lib [c]
    arg [/Users/wuyadong/Library/Android/sdk/ndk/23.2.8568313/toolchains/llvm/prebuilt/darwin-x86_64/lib64/clang/12.0.9/lib/linux/libclang_rt.builtins-aarch64-android.a] ==> lib [/Users/wuyadong/Library/Android/sdk/ndk/23.2.8568313/toolchains/llvm/prebuilt/darwin-x86_64/lib64/clang/12.0.9/lib/linux/libclang_rt.builtins-aarch64-android.a]
    arg [-l:libunwind.a] ==> lib [-l:libunwind.a]
    arg [-ldl] ==> lib [dl]
    arg [/Users/wuyadong/Library/Android/sdk/ndk/23.2.8568313/toolchains/llvm/prebuilt/darwin-x86_64/sysroot/usr/lib/aarch64-linux-android/21/crtend_android.o] ==> ignore
  remove lib [/Users/wuyadong/Library/Android/sdk/ndk/23.2.8568313/toolchains/llvm/prebuilt/darwin-x86_64/lib64/clang/12.0.9/lib/linux/libclang_rt.builtins-aarch64-android.a]
  remove lib [/Users/wuyadong/Library/Android/sdk/ndk/23.2.8568313/toolchains/llvm/prebuilt/darwin-x86_64/lib64/clang/12.0.9/lib/linux/libclang_rt.builtins-aarch64-android.a]
  collapse library dir [/Users/wuyadong/Library/Android/sdk/ndk/23.2.8568313/toolchains/llvm/prebuilt/darwin-x86_64/lib64/clang/12.0.9/lib/linux/aarch64] ==> [/Users/wuyadong/Library/Android/sdk/ndk/23.2.8568313/toolchains/llvm/prebuilt/darwin-x86_64/lib64/clang/12.0.9/lib/linux/aarch64]
  collapse library dir [/Users/wuyadong/Library/Android/sdk/ndk/23.2.8568313/toolchains/llvm/prebuilt/darwin-x86_64/lib/gcc/aarch64-linux-android/4.9.x] ==> [/Users/wuyadong/Library/Android/sdk/ndk/23.2.8568313/toolchains/llvm/prebuilt/darwin-x86_64/lib/gcc/aarch64-linux-android/4.9.x]
  collapse library dir [/Users/wuyadong/Library/Android/sdk/ndk/23.2.8568313/toolchains/llvm/prebuilt/darwin-x86_64/sysroot/usr/lib/aarch64-linux-android/21] ==> [/Users/wuyadong/Library/Android/sdk/ndk/23.2.8568313/toolchains/llvm/prebuilt/darwin-x86_64/sysroot/usr/lib/aarch64-linux-android/21]
  collapse library dir [/Users/wuyadong/Library/Android/sdk/ndk/23.2.8568313/toolchains/llvm/prebuilt/darwin-x86_64/sysroot/usr/lib/aarch64-linux-android] ==> [/Users/wuyadong/Library/Android/sdk/ndk/23.2.8568313/toolchains/llvm/prebuilt/darwin-x86_64/sysroot/usr/lib/aarch64-linux-android]
  collapse library dir [/Users/wuyadong/Library/Android/sdk/ndk/23.2.8568313/toolchains/llvm/prebuilt/darwin-x86_64/sysroot/usr/lib] ==> [/Users/wuyadong/Library/Android/sdk/ndk/23.2.8568313/toolchains/llvm/prebuilt/darwin-x86_64/sysroot/usr/lib]
  implicit libs: [c++;m;-l:libunwind.a;dl;c;-l:libunwind.a;dl]
  implicit dirs: [/Users/wuyadong/Library/Android/sdk/ndk/23.2.8568313/toolchains/llvm/prebuilt/darwin-x86_64/lib64/clang/12.0.9/lib/linux/aarch64;/Users/wuyadong/Library/Android/sdk/ndk/23.2.8568313/toolchains/llvm/prebuilt/darwin-x86_64/lib/gcc/aarch64-linux-android/4.9.x;/Users/wuyadong/Library/Android/sdk/ndk/23.2.8568313/toolchains/llvm/prebuilt/darwin-x86_64/sysroot/usr/lib/aarch64-linux-android/21;/Users/wuyadong/Library/Android/sdk/ndk/23.2.8568313/toolchains/llvm/prebuilt/darwin-x86_64/sysroot/usr/lib/aarch64-linux-android;/Users/wuyadong/Library/Android/sdk/ndk/23.2.8568313/toolchains/llvm/prebuilt/darwin-x86_64/sysroot/usr/lib]
  implicit fwks: []




Detecting CXX [-std=c++1z] compiler features compiled with the following output:
Change Dir: /Users/wuyadong/Documents/WorkSpace/ZLMediaKit/Android/app/.cxx/cmake/debug/arm64-v8a/CMakeFiles/CMakeTmp

Run Build Command:"/Users/wuyadong/Library/Android/sdk/cmake/3.10.2.4988404/bin/ninja" "cmTC_2117e"
[1/2] Building CXX object CMakeFiles/cmTC_2117e.dir/feature_tests.cxx.o
[2/2] Linking CXX executable cmTC_2117e


    Feature record: CXX_FEATURE:1cxx_aggregate_default_initializers
    Feature record: CXX_FEATURE:1cxx_alias_templates
    Feature record: CXX_FEATURE:1cxx_alignas
    Feature record: CXX_FEATURE:1cxx_alignof
    Feature record: CXX_FEATURE:1cxx_attributes
    Feature record: CXX_FEATURE:1cxx_attribute_deprecated
    Feature record: CXX_FEATURE:1cxx_auto_type
    Feature record: CXX_FEATURE:1cxx_binary_literals
    Feature record: CXX_FEATURE:1cxx_constexpr
    Feature record: CXX_FEATURE:1cxx_contextual_conversions
    Feature record: CXX_FEATURE:1cxx_decltype
    Feature record: CXX_FEATURE:1cxx_decltype_auto
    Feature record: CXX_FEATURE:1cxx_decltype_incomplete_return_types
    Feature record: CXX_FEATURE:1cxx_default_function_template_args
    Feature record: CXX_FEATURE:1cxx_defaulted_functions
    Feature record: CXX_FEATURE:1cxx_defaulted_move_initializers
    Feature record: CXX_FEATURE:1cxx_delegating_constructors
    Feature record: CXX_FEATURE:1cxx_deleted_functions
    Feature record: CXX_FEATURE:1cxx_digit_separators
    Feature record: CXX_FEATURE:1cxx_enum_forward_declarations
    Feature record: CXX_FEATURE:1cxx_explicit_conversions
    Feature record: CXX_FEATURE:1cxx_extended_friend_declarations
    Feature record: CXX_FEATURE:1cxx_extern_templates
    Feature record: CXX_FEATURE:1cxx_final
    Feature record: CXX_FEATURE:1cxx_func_identifier
    Feature record: CXX_FEATURE:1cxx_generalized_initializers
    Feature record: CXX_FEATURE:1cxx_generic_lambdas
    Feature record: CXX_FEATURE:1cxx_inheriting_constructors
    Feature record: CXX_FEATURE:1cxx_inline_namespaces
    Feature record: CXX_FEATURE:1cxx_lambdas
    Feature record: CXX_FEATURE:1cxx_lambda_init_captures
    Feature record: CXX_FEATURE:1cxx_local_type_template_args
    Feature record: CXX_FEATURE:1cxx_long_long_type
    Feature record: CXX_FEATURE:1cxx_noexcept
    Feature record: CXX_FEATURE:1cxx_nonstatic_member_init
    Feature record: CXX_FEATURE:1cxx_nullptr
    Feature record: CXX_FEATURE:1cxx_override
    Feature record: CXX_FEATURE:1cxx_range_for
    Feature record: CXX_FEATURE:1cxx_raw_string_literals
    Feature record: CXX_FEATURE:1cxx_reference_qualified_functions
    Feature record: CXX_FEATURE:1cxx_relaxed_constexpr
    Feature record: CXX_FEATURE:1cxx_return_type_deduction
    Feature record: CXX_FEATURE:1cxx_right_angle_brackets
    Feature record: CXX_FEATURE:1cxx_rvalue_references
    Feature record: CXX_FEATURE:1cxx_sizeof_member
    Feature record: CXX_FEATURE:1cxx_static_assert
    Feature record: CXX_FEATURE:1cxx_strong_enums
    Feature record: CXX_FEATURE:1cxx_template_template_parameters
    Feature record: CXX_FEATURE:1cxx_thread_local
    Feature record: CXX_FEATURE:1cxx_trailing_return_types
    Feature record: CXX_FEATURE:1cxx_unicode_literals
    Feature record: CXX_FEATURE:1cxx_uniform_initialization
    Feature record: CXX_FEATURE:1cxx_unrestricted_unions
    Feature record: CXX_FEATURE:1cxx_user_literals
    Feature record: CXX_FEATURE:1cxx_variable_templates
    Feature record: CXX_FEATURE:1cxx_variadic_macros
    Feature record: CXX_FEATURE:1cxx_variadic_templates


Detecting CXX [-std=c++14] compiler features compiled with the following output:
Change Dir: /Users/wuyadong/Documents/WorkSpace/ZLMediaKit/Android/app/.cxx/cmake/debug/arm64-v8a/CMakeFiles/CMakeTmp

Run Build Command:"/Users/wuyadong/Library/Android/sdk/cmake/3.10.2.4988404/bin/ninja" "cmTC_3fa94"
[1/2] Building CXX object CMakeFiles/cmTC_3fa94.dir/feature_tests.cxx.o
[2/2] Linking CXX executable cmTC_3fa94


    Feature record: CXX_FEATURE:1cxx_aggregate_default_initializers
    Feature record: CXX_FEATURE:1cxx_alias_templates
    Feature record: CXX_FEATURE:1cxx_alignas
    Feature record: CXX_FEATURE:1cxx_alignof
    Feature record: CXX_FEATURE:1cxx_attributes
    Feature record: CXX_FEATURE:1cxx_attribute_deprecated
    Feature record: CXX_FEATURE:1cxx_auto_type
    Feature record: CXX_FEATURE:1cxx_binary_literals
    Feature record: CXX_FEATURE:1cxx_constexpr
    Feature record: CXX_FEATURE:1cxx_contextual_conversions
    Feature record: CXX_FEATURE:1cxx_decltype
    Feature record: CXX_FEATURE:1cxx_decltype_auto
    Feature record: CXX_FEATURE:1cxx_decltype_incomplete_return_types
    Feature record: CXX_FEATURE:1cxx_default_function_template_args
    Feature record: CXX_FEATURE:1cxx_defaulted_functions
    Feature record: CXX_FEATURE:1cxx_defaulted_move_initializers
    Feature record: CXX_FEATURE:1cxx_delegating_constructors
    Feature record: CXX_FEATURE:1cxx_deleted_functions
    Feature record: CXX_FEATURE:1cxx_digit_separators
    Feature record: CXX_FEATURE:1cxx_enum_forward_declarations
    Feature record: CXX_FEATURE:1cxx_explicit_conversions
    Feature record: CXX_FEATURE:1cxx_extended_friend_declarations
    Feature record: CXX_FEATURE:1cxx_extern_templates
    Feature record: CXX_FEATURE:1cxx_final
    Feature record: CXX_FEATURE:1cxx_func_identifier
    Feature record: CXX_FEATURE:1cxx_generalized_initializers
    Feature record: CXX_FEATURE:1cxx_generic_lambdas
    Feature record: CXX_FEATURE:1cxx_inheriting_constructors
    Feature record: CXX_FEATURE:1cxx_inline_namespaces
    Feature record: CXX_FEATURE:1cxx_lambdas
    Feature record: CXX_FEATURE:1cxx_lambda_init_captures
    Feature record: CXX_FEATURE:1cxx_local_type_template_args
    Feature record: CXX_FEATURE:1cxx_long_long_type
    Feature record: CXX_FEATURE:1cxx_noexcept
    Feature record: CXX_FEATURE:1cxx_nonstatic_member_init
    Feature record: CXX_FEATURE:1cxx_nullptr
    Feature record: CXX_FEATURE:1cxx_override
    Feature record: CXX_FEATURE:1cxx_range_for
    Feature record: CXX_FEATURE:1cxx_raw_string_literals
    Feature record: CXX_FEATURE:1cxx_reference_qualified_functions
    Feature record: CXX_FEATURE:1cxx_relaxed_constexpr
    Feature record: CXX_FEATURE:1cxx_return_type_deduction
    Feature record: CXX_FEATURE:1cxx_right_angle_brackets
    Feature record: CXX_FEATURE:1cxx_rvalue_references
    Feature record: CXX_FEATURE:1cxx_sizeof_member
    Feature record: CXX_FEATURE:1cxx_static_assert
    Feature record: CXX_FEATURE:1cxx_strong_enums
    Feature record: CXX_FEATURE:1cxx_template_template_parameters
    Feature record: CXX_FEATURE:1cxx_thread_local
    Feature record: CXX_FEATURE:1cxx_trailing_return_types
    Feature record: CXX_FEATURE:1cxx_unicode_literals
    Feature record: CXX_FEATURE:1cxx_uniform_initialization
    Feature record: CXX_FEATURE:1cxx_unrestricted_unions
    Feature record: CXX_FEATURE:1cxx_user_literals
    Feature record: CXX_FEATURE:1cxx_variable_templates
    Feature record: CXX_FEATURE:1cxx_variadic_macros
    Feature record: CXX_FEATURE:1cxx_variadic_templates


Detecting CXX [-std=c++11] compiler features compiled with the following output:
Change Dir: /Users/wuyadong/Documents/WorkSpace/ZLMediaKit/Android/app/.cxx/cmake/debug/arm64-v8a/CMakeFiles/CMakeTmp

Run Build Command:"/Users/wuyadong/Library/Android/sdk/cmake/3.10.2.4988404/bin/ninja" "cmTC_a8a05"
[1/2] Building CXX object CMakeFiles/cmTC_a8a05.dir/feature_tests.cxx.o
[2/2] Linking CXX executable cmTC_a8a05


    Feature record: CXX_FEATURE:0cxx_aggregate_default_initializers
    Feature record: CXX_FEATURE:1cxx_alias_templates
    Feature record: CXX_FEATURE:1cxx_alignas
    Feature record: CXX_FEATURE:1cxx_alignof
    Feature record: CXX_FEATURE:1cxx_attributes
    Feature record: CXX_FEATURE:0cxx_attribute_deprecated
    Feature record: CXX_FEATURE:1cxx_auto_type
    Feature record: CXX_FEATURE:0cxx_binary_literals
    Feature record: CXX_FEATURE:1cxx_constexpr
    Feature record: CXX_FEATURE:0cxx_contextual_conversions
    Feature record: CXX_FEATURE:1cxx_decltype
    Feature record: CXX_FEATURE:0cxx_decltype_auto
    Feature record: CXX_FEATURE:1cxx_decltype_incomplete_return_types
    Feature record: CXX_FEATURE:1cxx_default_function_template_args
    Feature record: CXX_FEATURE:1cxx_defaulted_functions
    Feature record: CXX_FEATURE:1cxx_defaulted_move_initializers
    Feature record: CXX_FEATURE:1cxx_delegating_constructors
    Feature record: CXX_FEATURE:1cxx_deleted_functions
    Feature record: CXX_FEATURE:0cxx_digit_separators
    Feature record: CXX_FEATURE:1cxx_enum_forward_declarations
    Feature record: CXX_FEATURE:1cxx_explicit_conversions
    Feature record: CXX_FEATURE:1cxx_extended_friend_declarations
    Feature record: CXX_FEATURE:1cxx_extern_templates
    Feature record: CXX_FEATURE:1cxx_final
    Feature record: CXX_FEATURE:1cxx_func_identifier
    Feature record: CXX_FEATURE:1cxx_generalized_initializers
    Feature record: CXX_FEATURE:0cxx_generic_lambdas
    Feature record: CXX_FEATURE:1cxx_inheriting_constructors
    Feature record: CXX_FEATURE:1cxx_inline_namespaces
    Feature record: CXX_FEATURE:1cxx_lambdas
    Feature record: CXX_FEATURE:0cxx_lambda_init_captures
    Feature record: CXX_FEATURE:1cxx_local_type_template_args
    Feature record: CXX_FEATURE:1cxx_long_long_type
    Feature record: CXX_FEATURE:1cxx_noexcept
    Feature record: CXX_FEATURE:1cxx_nonstatic_member_init
    Feature record: CXX_FEATURE:1cxx_nullptr
    Feature record: CXX_FEATURE:1cxx_override
    Feature record: CXX_FEATURE:1cxx_range_for
    Feature record: CXX_FEATURE:1cxx_raw_string_literals
    Feature record: CXX_FEATURE:1cxx_reference_qualified_functions
    Feature record: CXX_FEATURE:0cxx_relaxed_constexpr
    Feature record: CXX_FEATURE:0cxx_return_type_deduction
    Feature record: CXX_FEATURE:1cxx_right_angle_brackets
    Feature record: CXX_FEATURE:1cxx_rvalue_references
    Feature record: CXX_FEATURE:1cxx_sizeof_member
    Feature record: CXX_FEATURE:1cxx_static_assert
    Feature record: CXX_FEATURE:1cxx_strong_enums
    Feature record: CXX_FEATURE:1cxx_template_template_parameters
    Feature record: CXX_FEATURE:1cxx_thread_local
    Feature record: CXX_FEATURE:1cxx_trailing_return_types
    Feature record: CXX_FEATURE:1cxx_unicode_literals
    Feature record: CXX_FEATURE:1cxx_uniform_initialization
    Feature record: CXX_FEATURE:1cxx_unrestricted_unions
    Feature record: CXX_FEATURE:1cxx_user_literals
    Feature record: CXX_FEATURE:0cxx_variable_templates
    Feature record: CXX_FEATURE:1cxx_variadic_macros
    Feature record: CXX_FEATURE:1cxx_variadic_templates


Detecting CXX [-std=c++98] compiler features compiled with the following output:
Change Dir: /Users/wuyadong/Documents/WorkSpace/ZLMediaKit/Android/app/.cxx/cmake/debug/arm64-v8a/CMakeFiles/CMakeTmp

Run Build Command:"/Users/wuyadong/Library/Android/sdk/cmake/3.10.2.4988404/bin/ninja" "cmTC_c50ed"
[1/2] Building CXX object CMakeFiles/cmTC_c50ed.dir/feature_tests.cxx.o
[2/2] Linking CXX executable cmTC_c50ed


    Feature record: CXX_FEATURE:0cxx_aggregate_default_initializers
    Feature record: CXX_FEATURE:0cxx_alias_templates
    Feature record: CXX_FEATURE:0cxx_alignas
    Feature record: CXX_FEATURE:0cxx_alignof
    Feature record: CXX_FEATURE:0cxx_attributes
    Feature record: CXX_FEATURE:0cxx_attribute_deprecated
    Feature record: CXX_FEATURE:0cxx_auto_type
    Feature record: CXX_FEATURE:0cxx_binary_literals
    Feature record: CXX_FEATURE:0cxx_constexpr
    Feature record: CXX_FEATURE:0cxx_contextual_conversions
    Feature record: CXX_FEATURE:0cxx_decltype
    Feature record: CXX_FEATURE:0cxx_decltype_auto
    Feature record: CXX_FEATURE:0cxx_decltype_incomplete_return_types
    Feature record: CXX_FEATURE:0cxx_default_function_template_args
    Feature record: CXX_FEATURE:0cxx_defaulted_functions
    Feature record: CXX_FEATURE:0cxx_defaulted_move_initializers
    Feature record: CXX_FEATURE:0cxx_delegating_constructors
    Feature record: CXX_FEATURE:0cxx_deleted_functions
    Feature record: CXX_FEATURE:0cxx_digit_separators
    Feature record: CXX_FEATURE:0cxx_enum_forward_declarations
    Feature record: CXX_FEATURE:0cxx_explicit_conversions
    Feature record: CXX_FEATURE:0cxx_extended_friend_declarations
    Feature record: CXX_FEATURE:0cxx_extern_templates
    Feature record: CXX_FEATURE:0cxx_final
    Feature record: CXX_FEATURE:0cxx_func_identifier
    Feature record: CXX_FEATURE:0cxx_generalized_initializers
    Feature record: CXX_FEATURE:0cxx_generic_lambdas
    Feature record: CXX_FEATURE:0cxx_inheriting_constructors
    Feature record: CXX_FEATURE:0cxx_inline_namespaces
    Feature record: CXX_FEATURE:0cxx_lambdas
    Feature record: CXX_FEATURE:0cxx_lambda_init_captures
    Feature record: CXX_FEATURE:0cxx_local_type_template_args
    Feature record: CXX_FEATURE:0cxx_long_long_type
    Feature record: CXX_FEATURE:0cxx_noexcept
    Feature record: CXX_FEATURE:0cxx_nonstatic_member_init
    Feature record: CXX_FEATURE:0cxx_nullptr
    Feature record: CXX_FEATURE:0cxx_override
    Feature record: CXX_FEATURE:0cxx_range_for
    Feature record: CXX_FEATURE:0cxx_raw_string_literals
    Feature record: CXX_FEATURE:0cxx_reference_qualified_functions
    Feature record: CXX_FEATURE:0cxx_relaxed_constexpr
    Feature record: CXX_FEATURE:0cxx_return_type_deduction
    Feature record: CXX_FEATURE:0cxx_right_angle_brackets
    Feature record: CXX_FEATURE:0cxx_rvalue_references
    Feature record: CXX_FEATURE:0cxx_sizeof_member
    Feature record: CXX_FEATURE:0cxx_static_assert
    Feature record: CXX_FEATURE:0cxx_strong_enums
    Feature record: CXX_FEATURE:1cxx_template_template_parameters
    Feature record: CXX_FEATURE:0cxx_thread_local
    Feature record: CXX_FEATURE:0cxx_trailing_return_types
    Feature record: CXX_FEATURE:0cxx_unicode_literals
    Feature record: CXX_FEATURE:0cxx_uniform_initialization
    Feature record: CXX_FEATURE:0cxx_unrestricted_unions
    Feature record: CXX_FEATURE:0cxx_user_literals
    Feature record: CXX_FEATURE:0cxx_variable_templates
    Feature record: CXX_FEATURE:0cxx_variadic_macros
    Feature record: CXX_FEATURE:0cxx_variadic_templates
Performing C SOURCE FILE Test HAVE_MMSG_HDR succeeded with the following output:
Change Dir: /Users/wuyadong/Documents/WorkSpace/ZLMediaKit/Android/app/.cxx/cmake/debug/arm64-v8a/CMakeFiles/CMakeTmp

Run Build Command:"/Users/wuyadong/Library/Android/sdk/cmake/3.10.2.4988404/bin/ninja" "cmTC_9f3c9"
[1/2] Building C object CMakeFiles/cmTC_9f3c9.dir/src.c.o
[2/2] Linking C executable cmTC_9f3c9

Source file was:

#include <sys/socket.h>

int main()
{
   (void)sizeof(((struct mmsghdr *)0)->msg_hdr);
   return 0;
}

Determining if the sendmmsg exist passed with the following output:
Change Dir: /Users/wuyadong/Documents/WorkSpace/ZLMediaKit/Android/app/.cxx/cmake/debug/arm64-v8a/CMakeFiles/CMakeTmp

Run Build Command:"/Users/wuyadong/Library/Android/sdk/cmake/3.10.2.4988404/bin/ninja" "cmTC_4e022"
[1/2] Building C object CMakeFiles/cmTC_4e022.dir/CheckSymbolExists.c.o
[2/2] Linking C executable cmTC_4e022

File /Users/wuyadong/Documents/WorkSpace/ZLMediaKit/Android/app/.cxx/cmake/debug/arm64-v8a/CMakeFiles/CMakeTmp/CheckSymbolExists.c:
/* */
#include <sys/socket.h>

int main(int argc, char** argv)
{
  (void)argv;
#ifndef sendmmsg
  return ((int*)(&sendmmsg))[argc];
#else
  (void)argc;
  return 0;
#endif
}

Determining if the recvmmsg exist passed with the following output:
Change Dir: /Users/wuyadong/Documents/WorkSpace/ZLMediaKit/Android/app/.cxx/cmake/debug/arm64-v8a/CMakeFiles/CMakeTmp

Run Build Command:"/Users/wuyadong/Library/Android/sdk/cmake/3.10.2.4988404/bin/ninja" "cmTC_8c0cd"
[1/2] Building C object CMakeFiles/cmTC_8c0cd.dir/CheckSymbolExists.c.o
[2/2] Linking C executable cmTC_8c0cd

File /Users/wuyadong/Documents/WorkSpace/ZLMediaKit/Android/app/.cxx/cmake/debug/arm64-v8a/CMakeFiles/CMakeTmp/CheckSymbolExists.c:
/* */
#include <sys/socket.h>

int main(int argc, char** argv)
{
  (void)argv;
#ifndef recvmmsg
  return ((int*)(&recvmmsg))[argc];
#else
  (void)argc;
  return 0;
#endif
}

Performing C++ SOURCE FILE Test COMPILER_HAS_HIDDEN_VISIBILITY succeeded with the following output:
Change Dir: /Users/wuyadong/Documents/WorkSpace/ZLMediaKit/Android/app/.cxx/cmake/debug/arm64-v8a/CMakeFiles/CMakeTmp

Run Build Command:"/Users/wuyadong/Library/Android/sdk/cmake/3.10.2.4988404/bin/ninja" "cmTC_cb252"
[1/2] Building CXX object CMakeFiles/cmTC_cb252.dir/src.cxx.o
[2/2] Linking CXX executable cmTC_cb252

Source file was:
int main() { return 0; }
Performing C++ SOURCE FILE Test COMPILER_HAS_HIDDEN_INLINE_VISIBILITY succeeded with the following output:
Change Dir: /Users/wuyadong/Documents/WorkSpace/ZLMediaKit/Android/app/.cxx/cmake/debug/arm64-v8a/CMakeFiles/CMakeTmp

Run Build Command:"/Users/wuyadong/Library/Android/sdk/cmake/3.10.2.4988404/bin/ninja" "cmTC_a1613"
[1/2] Building CXX object CMakeFiles/cmTC_a1613.dir/src.cxx.o
[2/2] Linking CXX executable cmTC_a1613

Source file was:
int main() { return 0; }
Performing C++ SOURCE FILE Test COMPILER_HAS_DEPRECATED_ATTR succeeded with the following output:
Change Dir: /Users/wuyadong/Documents/WorkSpace/ZLMediaKit/Android/app/.cxx/cmake/debug/arm64-v8a/CMakeFiles/CMakeTmp

Run Build Command:"/Users/wuyadong/Library/Android/sdk/cmake/3.10.2.4988404/bin/ninja" "cmTC_b424c"
[1/2] Building CXX object CMakeFiles/cmTC_b424c.dir/src.cxx.o
src.cxx:2:25: warning: 'somefunc' is deprecated [-Wdeprecated-declarations]
    int main() { return somefunc();}
                        ^
src.cxx:1:16: note: 'somefunc' has been explicitly marked deprecated here
__attribute__((__deprecated__)) int somefunc() { return 0; }
               ^
1 warning generated.
[2/2] Linking CXX executable cmTC_b424c

Source file was:
__attribute__((__deprecated__)) int somefunc() { return 0; }
    int main() { return somefunc();}
